{"E:\\code\\新建文件夹\\form-validate\\src\\index.ts": {"path":"E:\\code\\新建文件夹\\form-validate\\src\\index.ts","statementMap":{"0":{"start":{"line":15,"column":0},"end":{"line":15,"column":null}},"1":{"start":{"line":20,"column":8},"end":{"line":20,"column":99}},"2":{"start":{"line":23,"column":4},"end":{"line":42,"column":null}},"3":{"start":{"line":24,"column":34},"end":{"line":24,"column":36}},"4":{"start":{"line":25,"column":8},"end":{"line":40,"column":null}},"5":{"start":{"line":26,"column":12},"end":{"line":36,"column":null}},"6":{"start":{"line":27,"column":36},"end":{"line":27,"column":46}},"7":{"start":{"line":28,"column":16},"end":{"line":35,"column":null}},"8":{"start":{"line":28,"column":32},"end":{"line":28,"column":43}},"9":{"start":{"line":28,"column":28},"end":{"line":28,"column":32}},"10":{"start":{"line":29,"column":20},"end":{"line":34,"column":null}},"11":{"start":{"line":30,"column":24},"end":{"line":33,"column":null}},"12":{"start":{"line":31,"column":27},"end":{"line":31,"column":55}},"13":{"start":{"line":32,"column":27},"end":{"line":32,"column":33}},"14":{"start":{"line":37,"column":12},"end":{"line":39,"column":null}},"15":{"start":{"line":38,"column":16},"end":{"line":38,"column":22}},"16":{"start":{"line":41,"column":8},"end":{"line":41,"column":52}},"17":{"start":{"line":44,"column":4},"end":{"line":47,"column":null}},"18":{"start":{"line":45,"column":8},"end":{"line":45,"column":29}},"19":{"start":{"line":46,"column":8},"end":{"line":46,"column":37}},"20":{"start":{"line":49,"column":4},"end":{"line":52,"column":null}},"21":{"start":{"line":50,"column":8},"end":{"line":50,"column":26}},"22":{"start":{"line":51,"column":8},"end":{"line":51,"column":69}},"23":{"start":{"line":54,"column":4},"end":{"line":56,"column":null}},"24":{"start":{"line":55,"column":8},"end":{"line":55,"column":46}},"25":{"start":{"line":58,"column":4},"end":{"line":61,"column":null}},"26":{"start":{"line":58,"column":41},"end":{"line":58,"column":43}},"27":{"start":{"line":58,"column":46},"end":{"line":58,"column":77}},"28":{"start":{"line":59,"column":8},"end":{"line":59,"column":29}},"29":{"start":{"line":60,"column":8},"end":{"line":60,"column":52}},"30":{"start":{"line":63,"column":4},"end":{"line":66,"column":null}},"31":{"start":{"line":64,"column":8},"end":{"line":64,"column":29}},"32":{"start":{"line":65,"column":8},"end":{"line":65,"column":32}},"33":{"start":{"line":68,"column":4},"end":{"line":71,"column":null}},"34":{"start":{"line":69,"column":8},"end":{"line":69,"column":29}},"35":{"start":{"line":70,"column":8},"end":{"line":70,"column":32}},"36":{"start":{"line":73,"column":4},"end":{"line":76,"column":null}},"37":{"start":{"line":74,"column":25},"end":{"line":74,"column":73}},"38":{"start":{"line":75,"column":8},"end":{"line":75,"column":51}},"39":{"start":{"line":78,"column":4},"end":{"line":83,"column":null}},"40":{"start":{"line":79,"column":25},"end":{"line":80,"column":null}},"41":{"start":{"line":82,"column":8},"end":{"line":82,"column":39}},"42":{"start":{"line":84,"column":0},"end":{"line":84,"column":null}},"43":{"start":{"line":86,"column":0},"end":{"line":86,"column":28}}},"fnMap":{"0":{"name":"(anonymous_0)","decl":{"start":{"line":15,"column":0},"end":{"line":15,"column":null}},"loc":{"start":{"line":15,"column":0},"end":{"line":84,"column":null}}},"1":{"name":"FormValidate","decl":{"start":{"line":19,"column":4},"end":{"line":19,"column":null}},"loc":{"start":{"line":19,"column":4},"end":{"line":21,"column":5}}},"2":{"name":"(anonymous_2)","decl":{"start":{"line":23,"column":4},"end":{"line":23,"column":16}},"loc":{"start":{"line":23,"column":59},"end":{"line":42,"column":5}}},"3":{"name":"(anonymous_3)","decl":{"start":{"line":44,"column":4},"end":{"line":44,"column":18}},"loc":{"start":{"line":44,"column":50},"end":{"line":47,"column":5}}},"4":{"name":"(anonymous_4)","decl":{"start":{"line":49,"column":4},"end":{"line":49,"column":21}},"loc":{"start":{"line":49,"column":34},"end":{"line":52,"column":5}}},"5":{"name":"(anonymous_5)","decl":{"start":{"line":54,"column":4},"end":{"line":54,"column":12}},"loc":{"start":{"line":54,"column":21},"end":{"line":56,"column":5}}},"6":{"name":"(anonymous_6)","decl":{"start":{"line":58,"column":4},"end":{"line":58,"column":14}},"loc":{"start":{"line":58,"column":77},"end":{"line":61,"column":5}}},"7":{"name":"(anonymous_7)","decl":{"start":{"line":63,"column":4},"end":{"line":63,"column":13}},"loc":{"start":{"line":63,"column":47},"end":{"line":66,"column":5}}},"8":{"name":"(anonymous_8)","decl":{"start":{"line":68,"column":4},"end":{"line":68,"column":13}},"loc":{"start":{"line":68,"column":47},"end":{"line":71,"column":5}}},"9":{"name":"(anonymous_9)","decl":{"start":{"line":73,"column":4},"end":{"line":73,"column":9}},"loc":{"start":{"line":73,"column":35},"end":{"line":76,"column":5}}},"10":{"name":"(anonymous_10)","decl":{"start":{"line":78,"column":4},"end":{"line":78,"column":9}},"loc":{"start":{"line":78,"column":26},"end":{"line":83,"column":5}}}},"branchMap":{"0":{"loc":{"start":{"line":26,"column":12},"end":{"line":36,"column":null}},"type":"if","locations":[{"start":{"line":26,"column":12},"end":{"line":36,"column":null}}]},"1":{"loc":{"start":{"line":29,"column":20},"end":{"line":34,"column":null}},"type":"if","locations":[{"start":{"line":29,"column":20},"end":{"line":34,"column":null}}]},"2":{"loc":{"start":{"line":30,"column":24},"end":{"line":33,"column":null}},"type":"if","locations":[{"start":{"line":30,"column":24},"end":{"line":33,"column":null}}]},"3":{"loc":{"start":{"line":37,"column":12},"end":{"line":39,"column":null}},"type":"if","locations":[{"start":{"line":37,"column":12},"end":{"line":39,"column":null}}]},"4":{"loc":{"start":{"line":55,"column":15},"end":{"line":55,"column":45}},"type":"binary-expr","locations":[{"start":{"line":55,"column":15},"end":{"line":55,"column":19}},{"start":{"line":55,"column":23},"end":{"line":55,"column":45}}]},"5":{"loc":{"start":{"line":60,"column":15},"end":{"line":60,"column":51}},"type":"binary-expr","locations":[{"start":{"line":60,"column":15},"end":{"line":60,"column":31}},{"start":{"line":60,"column":35},"end":{"line":60,"column":51}}]}},"s":{"0":1,"1":1,"2":1,"3":1,"4":1,"5":1,"6":1,"7":1,"8":2,"9":2,"10":2,"11":2,"12":1,"13":1,"14":1,"15":1,"16":1,"17":1,"18":1,"19":1,"20":1,"21":1,"22":1,"23":1,"24":1,"25":1,"26":1,"27":1,"28":1,"29":1,"30":1,"31":0,"32":0,"33":1,"34":0,"35":0,"36":1,"37":0,"38":0,"39":1,"40":0,"41":0,"42":1,"43":1},"f":{"0":1,"1":1,"2":1,"3":1,"4":1,"5":1,"6":1,"7":0,"8":0,"9":0,"10":0},"b":{"0":[1],"1":[2],"2":[1],"3":[1],"4":[1,1],"5":[1,1]}}
}
