TN:
SF:src\index.ts
FN:15,(anonymous_0)
FN:19,FormValidate
FN:23,(anonymous_2)
FN:44,(anonymous_3)
FN:49,(anonymous_4)
FN:54,(anonymous_5)
FN:58,(anonymous_6)
FN:63,(anonymous_7)
FN:68,(anonymous_8)
FN:73,(anonymous_9)
FN:78,(anonymous_10)
FNF:11
FNH:7
FNDA:1,(anonymous_0)
FNDA:1,FormValidate
FNDA:1,(anonymous_2)
FNDA:1,(anonymous_3)
FNDA:1,(anonymous_4)
FNDA:1,(anonymous_5)
FNDA:1,(anonymous_6)
FNDA:0,(anonymous_7)
FNDA:0,(anonymous_8)
FNDA:0,(anonymous_9)
FNDA:0,(anonymous_10)
DA:15,1
DA:20,1
DA:23,1
DA:24,1
DA:25,1
DA:26,1
DA:27,1
DA:28,2
DA:29,2
DA:30,2
DA:31,1
DA:32,1
DA:37,1
DA:38,1
DA:41,1
DA:44,1
DA:45,1
DA:46,1
DA:49,1
DA:50,1
DA:51,1
DA:54,1
DA:55,1
DA:58,1
DA:59,1
DA:60,1
DA:63,1
DA:64,0
DA:65,0
DA:68,1
DA:69,0
DA:70,0
DA:73,1
DA:74,0
DA:75,0
DA:78,1
DA:79,0
DA:82,0
DA:84,1
DA:86,1
LF:40
LH:32
BRDA:26,0,0,1
BRDA:29,1,0,2
BRDA:30,2,0,1
BRDA:37,3,0,1
BRDA:55,4,0,1
BRDA:55,4,1,1
BRDA:60,5,0,1
BRDA:60,5,1,1
BRF:8
BRH:8
end_of_record
